<?xml version="1.0" encoding="UTF-8"?>
<testng-results ignored="0" total="2" passed="2" failed="0" skipped="0">
  <reporter-output>
  </reporter-output>
  <suite started-at="2022-07-09T00:55:05 IST" name="Suite" finished-at="2022-07-09T00:55:05 IST" duration-ms="333">
    <groups>
    </groups>
    <test started-at="2022-07-09T00:55:05 IST" name="Test" finished-at="2022-07-09T00:55:05 IST" duration-ms="333">
      <class name="testClasses.Test_Case_2">
        <test-method signature="verify_team_has_at_least_1_wicket_keeper()[pri:0, instance:testClasses.Test_Case_2@1677d1]" started-at="2022-07-09T00:55:05 IST" name="verify_team_has_at_least_1_wicket_keeper" finished-at="2022-07-09T00:55:05 IST" duration-ms="6" status="PASS">
          <reporter-output>
          </reporter-output>
        </test-method> <!-- verify_team_has_at_least_1_wicket_keeper -->
      </class> <!-- testClasses.Test_Case_2 -->
      <class name="testClasses.Test_Case_1">
        <test-method signature="verify_team_has_only_4_foreign_players()[pri:0, instance:testClasses.Test_Case_1@43301423]" started-at="2022-07-09T00:55:05 IST" name="verify_team_has_only_4_foreign_players" finished-at="2022-07-09T00:55:05 IST" duration-ms="78" status="PASS">
          <reporter-output>
          </reporter-output>
        </test-method> <!-- verify_team_has_only_4_foreign_players -->
      </class> <!-- testClasses.Test_Case_1 -->
    </test> <!-- Test -->
  </suite> <!-- Suite -->
</testng-results>
